<?xml version="1.0" encoding="UTF-8"?>
<testng-results ignored="0" total="3" passed="2" failed="1" skipped="0">
  <reporter-output>
  </reporter-output>
  <suite started-at="2025-02-04T20:44:32 IST" name="Suite" finished-at="2025-02-04T20:45:26 IST" duration-ms="54191">
    <groups>
    </groups>
    <test started-at="2025-02-04T20:44:32 IST" name="Test" finished-at="2025-02-04T20:45:26 IST" duration-ms="54191">
      <class name="AutomationExercise.Tests.PositiveTests">
        <test-method is-config="true" signature="navigateToUrl()[pri:0, instance:AutomationExercise.Tests.PositiveTests@6fd83fc1]" started-at="2025-02-04T20:44:32 IST" name="navigateToUrl" finished-at="2025-02-04T20:44:46 IST" duration-ms="13868" status="PASS">
          <reporter-output>
          </reporter-output>
        </test-method> <!-- navigateToUrl -->
        <test-method is-config="true" signature="setUpObjects()[pri:0, instance:AutomationExercise.Tests.PositiveTests@6fd83fc1]" started-at="2025-02-04T20:44:46 IST" name="setUpObjects" finished-at="2025-02-04T20:44:46 IST" depends-on-methods="AutomationExercise.TestComponents.BaseTestClass.navigateToUrl" duration-ms="28" status="PASS">
          <reporter-output>
          </reporter-output>
        </test-method> <!-- setUpObjects -->
        <test-method is-config="true" signature="createUsersForTesting(org.testng.ITestResult)[pri:0, instance:AutomationExercise.Tests.PositiveTests@6fd83fc1]" started-at="2025-02-04T20:44:46 IST" name="createUsersForTesting" finished-at="2025-02-04T20:44:46 IST" depends-on-methods="AutomationExercise.TestComponents.BaseTestClass.setUpObjects" duration-ms="6" status="PASS">
          <params>
            <param index="0">
              <value>
                <![CDATA[[TestResult name={null} status=CREATED method=PositiveTests.FailTest()[pri:0, instance:AutomationExercise.Tests.PositiveTests@6fd83fc1] output={null}]]]>
              </value>
            </param>
          </params>
          <reporter-output>
          </reporter-output>
        </test-method> <!-- createUsersForTesting -->
        <test-method signature="FailTest()[pri:0, instance:AutomationExercise.Tests.PositiveTests@6fd83fc1]" started-at="2025-02-04T20:44:46 IST" name="FailTest" finished-at="2025-02-04T20:44:46 IST" duration-ms="11" status="FAIL">
          <exception class="java.lang.AssertionError">
            <message>
              <![CDATA[expected [false] but found [true]]]>
            </message>
            <full-stacktrace>
              <![CDATA[java.lang.AssertionError: expected [false] but found [true]
at org.testng.Assert.fail(Assert.java:99)
at org.testng.Assert.failNotEquals(Assert.java:1037)
at org.testng.Assert.assertFalse(Assert.java:67)
at org.testng.Assert.assertFalse(Assert.java:77)
at AutomationExercise.Tests.PositiveTests.FailTest(PositiveTests.java:143)
at java.base/jdk.internal.reflect.NativeMethodAccessorImpl.invoke0(Native Method)
at java.base/jdk.internal.reflect.NativeMethodAccessorImpl.invoke(NativeMethodAccessorImpl.java:77)
at java.base/jdk.internal.reflect.DelegatingMethodAccessorImpl.invoke(DelegatingMethodAccessorImpl.java:43)
at java.base/java.lang.reflect.Method.invoke(Method.java:568)
at org.testng.internal.MethodInvocationHelper.invokeMethod(MethodInvocationHelper.java:133)
at org.testng.internal.TestInvoker.invokeMethod(TestInvoker.java:598)
at org.testng.internal.TestInvoker.invokeTestMethod(TestInvoker.java:173)
at org.testng.internal.MethodRunner.runInSequence(MethodRunner.java:46)
at org.testng.internal.TestInvoker$MethodInvocationAgent.invoke(TestInvoker.java:824)
at org.testng.internal.TestInvoker.invokeTestMethods(TestInvoker.java:146)
at org.testng.internal.TestMethodWorker.invokeTestMethods(TestMethodWorker.java:146)
at org.testng.internal.TestMethodWorker.run(TestMethodWorker.java:128)
at java.base/java.util.ArrayList.forEach(ArrayList.java:1511)
at org.testng.TestRunner.privateRun(TestRunner.java:794)
at org.testng.TestRunner.run(TestRunner.java:596)
at org.testng.SuiteRunner.runTest(SuiteRunner.java:377)
at org.testng.SuiteRunner.runSequentially(SuiteRunner.java:371)
at org.testng.SuiteRunner.privateRun(SuiteRunner.java:332)
at org.testng.SuiteRunner.run(SuiteRunner.java:276)
at org.testng.SuiteRunnerWorker.runSuite(SuiteRunnerWorker.java:53)
at org.testng.SuiteRunnerWorker.run(SuiteRunnerWorker.java:96)
at org.testng.TestNG.runSuitesSequentially(TestNG.java:1212)
at org.testng.TestNG.runSuitesLocally(TestNG.java:1134)
at org.testng.TestNG.runSuites(TestNG.java:1063)
at org.testng.TestNG.run(TestNG.java:1031)
at org.testng.remote.AbstractRemoteTestNG.run(AbstractRemoteTestNG.java:115)
at org.testng.remote.RemoteTestNG.initAndRun(RemoteTestNG.java:293)
at org.testng.remote.RemoteTestNG.main(RemoteTestNG.java:91)
]]>
            </full-stacktrace>
          </exception> <!-- java.lang.AssertionError -->
          <reporter-output>
          </reporter-output>
        </test-method> <!-- FailTest -->
        <test-method is-config="true" signature="closeBrowser()[pri:0, instance:AutomationExercise.Tests.PositiveTests@6fd83fc1]" started-at="2025-02-04T20:44:46 IST" name="closeBrowser" finished-at="2025-02-04T20:44:47 IST" duration-ms="324" status="PASS">
          <reporter-output>
          </reporter-output>
        </test-method> <!-- closeBrowser -->
        <test-method is-config="true" signature="navigateToUrl()[pri:0, instance:AutomationExercise.Tests.PositiveTests@6fd83fc1]" started-at="2025-02-04T20:44:47 IST" name="navigateToUrl" finished-at="2025-02-04T20:44:56 IST" duration-ms="9118" status="PASS">
          <reporter-output>
          </reporter-output>
        </test-method> <!-- navigateToUrl -->
        <test-method is-config="true" signature="setUpObjects()[pri:0, instance:AutomationExercise.Tests.PositiveTests@6fd83fc1]" started-at="2025-02-04T20:44:56 IST" name="setUpObjects" finished-at="2025-02-04T20:44:56 IST" depends-on-methods="AutomationExercise.TestComponents.BaseTestClass.navigateToUrl" duration-ms="1" status="PASS">
          <reporter-output>
          </reporter-output>
        </test-method> <!-- setUpObjects -->
        <test-method is-config="true" signature="createUsersForTesting(org.testng.ITestResult)[pri:0, instance:AutomationExercise.Tests.PositiveTests@6fd83fc1]" started-at="2025-02-04T20:44:56 IST" name="createUsersForTesting" finished-at="2025-02-04T20:45:05 IST" depends-on-methods="AutomationExercise.TestComponents.BaseTestClass.setUpObjects" duration-ms="9590" status="PASS">
          <params>
            <param index="0">
              <value>
                <![CDATA[[TestResult name={null} status=CREATED method=PositiveTests.loginWithCorrectCredentials()[pri:0, instance:AutomationExercise.Tests.PositiveTests@6fd83fc1] output={null}]]]>
              </value>
            </param>
          </params>
          <reporter-output>
          </reporter-output>
        </test-method> <!-- createUsersForTesting -->
        <test-method signature="loginWithCorrectCredentials()[pri:0, instance:AutomationExercise.Tests.PositiveTests@6fd83fc1]" started-at="2025-02-04T20:45:05 IST" name="loginWithCorrectCredentials" finished-at="2025-02-04T20:45:10 IST" duration-ms="4457" status="PASS">
          <reporter-output>
          </reporter-output>
        </test-method> <!-- loginWithCorrectCredentials -->
        <test-method is-config="true" signature="closeBrowser()[pri:0, instance:AutomationExercise.Tests.PositiveTests@6fd83fc1]" started-at="2025-02-04T20:45:10 IST" name="closeBrowser" finished-at="2025-02-04T20:45:10 IST" duration-ms="322" status="PASS">
          <reporter-output>
          </reporter-output>
        </test-method> <!-- closeBrowser -->
        <test-method is-config="true" signature="navigateToUrl()[pri:0, instance:AutomationExercise.Tests.PositiveTests@6fd83fc1]" started-at="2025-02-04T20:45:10 IST" name="navigateToUrl" finished-at="2025-02-04T20:45:18 IST" duration-ms="7923" status="PASS">
          <reporter-output>
          </reporter-output>
        </test-method> <!-- navigateToUrl -->
        <test-method is-config="true" signature="setUpObjects()[pri:0, instance:AutomationExercise.Tests.PositiveTests@6fd83fc1]" started-at="2025-02-04T20:45:18 IST" name="setUpObjects" finished-at="2025-02-04T20:45:18 IST" depends-on-methods="AutomationExercise.TestComponents.BaseTestClass.navigateToUrl" duration-ms="1" status="PASS">
          <reporter-output>
          </reporter-output>
        </test-method> <!-- setUpObjects -->
        <test-method signature="verifyRegisterUser()[pri:0, instance:AutomationExercise.Tests.PositiveTests@6fd83fc1]" started-at="2025-02-04T20:45:18 IST" name="verifyRegisterUser" finished-at="2025-02-04T20:45:26 IST" duration-ms="7923" status="PASS">
          <reporter-output>
          </reporter-output>
        </test-method> <!-- verifyRegisterUser -->
        <test-method is-config="true" signature="createUsersForTesting(org.testng.ITestResult)[pri:0, instance:AutomationExercise.Tests.PositiveTests@6fd83fc1]" started-at="2025-02-04T20:45:18 IST" name="createUsersForTesting" finished-at="2025-02-04T20:45:18 IST" depends-on-methods="AutomationExercise.TestComponents.BaseTestClass.setUpObjects" duration-ms="0" status="PASS">
          <params>
            <param index="0">
              <value>
                <![CDATA[[TestResult name={null} status=CREATED method=PositiveTests.verifyRegisterUser()[pri:0, instance:AutomationExercise.Tests.PositiveTests@6fd83fc1] output={null}]]]>
              </value>
            </param>
          </params>
          <reporter-output>
          </reporter-output>
        </test-method> <!-- createUsersForTesting -->
        <test-method is-config="true" signature="closeBrowser()[pri:0, instance:AutomationExercise.Tests.PositiveTests@6fd83fc1]" started-at="2025-02-04T20:45:26 IST" name="closeBrowser" finished-at="2025-02-04T20:45:26 IST" duration-ms="352" status="PASS">
          <reporter-output>
          </reporter-output>
        </test-method> <!-- closeBrowser -->
      </class> <!-- AutomationExercise.Tests.PositiveTests -->
    </test> <!-- Test -->
  </suite> <!-- Suite -->
</testng-results>
